<?xml version="1.0" encoding="UTF-8"?>
<!-- Generated by org.testng.reporters.JUnitXMLReporter -->
<testsuite hostname="HIH-D-2911" name="DawnDebug" tests="3" failures="1" timestamp="17 Feb 2017 03:02:39 GMT" time="0.708" errors="0">
  <testcase name="getPullUrl" time="0.601" classname="com.netease.vcloud.dawn.gslb.testcase.Debug"/>
  <testcase name="getPullUrlCdnRandom" time="0.056" classname="com.netease.vcloud.dawn.gslb.testcase.Debug"/>
  <testcase name="getPushType" time="0.027" classname="com.netease.vcloud.dawn.gslb.testcase.Debug">
    <failure type="java.lang.NullPointerException">
      <![CDATA[java.lang.NullPointerException
	at com.netease.vcloud.dawn.gslb.api.CommonApiImpl.getPushType(CommonApiImpl.java:67)
	at com.netease.vcloud.dawn.gslb.testcase.Debug.getPushType(Debug.java:396)
... Removed 24 stack frames]]>
    </failure>
  </testcase> <!-- getPushType -->
</testsuite> <!-- DawnDebug -->
